<?xml version="1.0" encoding="UTF-8"?>
<testsuite xmlns:xsi="http://www.w3.org/2001/XMLSchema-instance" xsi:schemaLocation="https://maven.apache.org/surefire/maven-surefire-plugin/xsd/surefire-test-report.xsd" name="com.realpage.chatntour.SmartWidget.SmartWidgetCucumberTest" time="74.81" tests="24" errors="0" skipped="17" failures="2">
  <properties>
[...]
</properties>
  <testcase name="Given QA Tester wants to navigate the content of smartWidgetrja" classname="| QA Tester | smartWidgetrja |" time="0.004"/>
  <testcase name="When User clicks on the Start Chatting button" classname="| QA Tester | smartWidgetrja |" time="0"/>
  <testcase name="Then The first greeting is displayed &quot;Hi! I&apos;m your Virtual Assistant.&quot;" classname="| QA Tester | smartWidgetrja |" time="0"/>
  <testcase name="And The second greeting is displayed &quot;I am going to ask a few simple questions.  First, would you like to chat about finding an apartment, scheduling a tour or something else?&quot;" classname="| QA Tester | smartWidgetrja |" time="0"/>
  <testcase name="When Contact answers find an apartment &quot;Find an apartment&quot;" classname="| QA Tester | smartWidgetrja |" time="0"/>
  <testcase name="Then VA asks about desired home size" classname="| QA Tester | smartWidgetrja |" time="0.01">
    <failure message="Not able to find VA&apos;s question about home size" type="java.lang.AssertionError">java.lang.AssertionError: Not able to find VA's question about home size
</failure>
  </testcase>
  <testcase name="| QA Tester | smartWidgetrja |" classname="| QA Tester | smartWidgetrja |" time="0.01">
    <failure message="Not able to find VA&apos;s question about home size" type="java.lang.AssertionError">java.lang.AssertionError: Not able to find VA's question about home size
</failure>
  </testcase>
  <testcase name="And Contact answers number of bedrooms &quot;2 bedrooms&quot;" classname="| QA Tester | smartWidgetrja |" time="0">
    <skipped/>
  </testcase>
  <testcase name="Then VA asks about desired move in date &quot;Great, when are you looking to move?&quot;" classname="| QA Tester | smartWidgetrja |" time="0">
    <skipped/>
  </testcase>
  <testcase name="And Contact answers desired move in date &quot;Next Month&quot;" classname="| QA Tester | smartWidgetrja |" time="0">
    <skipped/>
  </testcase>
  <testcase name="Then VA comes back with availablity information" classname="| QA Tester | smartWidgetrja |" time="0">
    <skipped/>
  </testcase>
  <testcase name="Then VA asks if contact wants to schedule a tour &quot;Would you like to schedule a tour?&quot;" classname="| QA Tester | smartWidgetrja |" time="0">
    <skipped/>
  </testcase>
  <testcase name="And Contact answers the question about scheduling a tour &quot;yes&quot;" classname="| QA Tester | smartWidgetrja |" time="0">
    <skipped/>
  </testcase>
  <testcase name="Then VA informs that it needs some info to be able to schedule a tour &quot;In order to book a tour, I need a little more information.&quot;" classname="| QA Tester | smartWidgetrja |" time="0">
    <skipped/>
  </testcase>
  <testcase name="And VA asks for contacts first name" classname="| QA Tester | smartWidgetrja |" time="0">
    <skipped/>
  </testcase>
  <testcase name="Then Contact answers the question about first name &quot;Aryana&quot;" classname="| QA Tester | smartWidgetrja |" time="0">
    <skipped/>
  </testcase>
  <testcase name="And VA asks for contacts last name" classname="| QA Tester | smartWidgetrja |" time="0">
    <skipped/>
  </testcase>
  <testcase name="Then Contact answers the question about last name &quot;Rezai&quot;" classname="| QA Tester | smartWidgetrja |" time="0">
    <skipped/>
  </testcase>
  <testcase name="Then VA asks for contacts email address" classname="| QA Tester | smartWidgetrja |" time="0">
    <skipped/>
  </testcase>
  <testcase name="And Contact answers the question about email address &quot;aryana.rezai@realpage.com&quot;" classname="| QA Tester | smartWidgetrja |" time="0">
    <skipped/>
  </testcase>
  <testcase name="Then Contact answers the question about phone Number &quot;4692165826&quot;" classname="| QA Tester | smartWidgetrja |" time="0">
    <skipped/>
  </testcase>
  <testcase name="And VA asks for desired tour day &quot;What would be a good day for you to come visit?&quot;" classname="| QA Tester | smartWidgetrja |" time="0">
    <skipped/>
  </testcase>
  <testcase name="And VA displays the date calendar" classname="| QA Tester | smartWidgetrja |" time="0">
    <skipped/>
  </testcase>
  <testcase name="Then Contact picks a date" classname="| QA Tester | smartWidgetrja |" time="0">
    <skipped/>
  </testcase>
</testsuite>